2017-11-29 07:51:47,149  INFO (main:com.automation.report.CReporter:initTestCaseDescription:1747) - START TEST ***** Become a Client ****
2017-11-29 07:52:23,071  INFO (main:com.automation.accelerators.ActionEngine:type:234) - no such element: Unable to locate element: {"method":"id","selector":"txtFirstName"}
  (Session info: chrome=62.0.3202.94)
  (Driver info: chromedriver=2.33.506120 (e3e53437346286c0bc2d2dc9aa4915ba81d9023f),platform=Windows NT 10.0.15063 x86_64) (WARNING: The server did not provide any stacktrace information)
Command duration or timeout: 30.07 seconds
For documentation on this error, please visit: http://seleniumhq.org/exceptions/no_such_element.html
Build info: version: '2.53.1', revision: 'a36b8b1', time: '2016-06-30 17:37:09'
System info: host: 'DPL5880', ip: '172.16.2.72', os.name: 'Windows 10', os.arch: 'amd64', os.version: '10.0', java.version: '1.8.0_151'
Driver info: org.openqa.selenium.chrome.ChromeDriver
Capabilities [{applicationCacheEnabled=false, rotatable=false, mobileEmulationEnabled=false, networkConnectionEnabled=false, chrome={chromedriverVersion=2.33.506120 (e3e53437346286c0bc2d2dc9aa4915ba81d9023f), userDataDir=C:\Users\SANDEE~1.VAD\AppData\Local\Temp\scoped_dir7760_10370}, takesHeapSnapshot=true, pageLoadStrategy=normal, databaseEnabled=false, handlesAlerts=true, hasTouchScreen=false, version=62.0.3202.94, platform=XP, browserConnectionEnabled=false, nativeEvents=true, acceptSslCerts=true, locationContextEnabled=true, webStorageEnabled=true, browserName=chrome, takesScreenshot=true, javascriptEnabled=true, cssSelectorsEnabled=true, setWindowRect=true, unexpectedAlertBehaviour=}]
Session ID: ea94703d2d7681c190335d19acf0d7f7
*** Element info: {Using=id, value=txtFirstName}
2017-11-29 07:52:23,547 ERROR (main:com.automation.report.CReporter:failureReport:1614) - STEP FAIL **** Unable_To_Type_On_First_name_text_box*****
2017-11-29 07:53:03,600  INFO (main:com.automation.accelerators.ActionEngine:isElementPresent:152) - no such element: Unable to locate element: {"method":"xpath","selector":"//*[@id="myModal"]/div/div/div[2]/p"}
  (Session info: chrome=62.0.3202.94)
  (Driver info: chromedriver=2.33.506120 (e3e53437346286c0bc2d2dc9aa4915ba81d9023f),platform=Windows NT 10.0.15063 x86_64) (WARNING: The server did not provide any stacktrace information)
Command duration or timeout: 30.03 seconds
For documentation on this error, please visit: http://seleniumhq.org/exceptions/no_such_element.html
Build info: version: '2.53.1', revision: 'a36b8b1', time: '2016-06-30 17:37:09'
System info: host: 'DPL5880', ip: '172.16.2.72', os.name: 'Windows 10', os.arch: 'amd64', os.version: '10.0', java.version: '1.8.0_151'
Driver info: org.openqa.selenium.chrome.ChromeDriver
Capabilities [{applicationCacheEnabled=false, rotatable=false, mobileEmulationEnabled=false, networkConnectionEnabled=false, chrome={chromedriverVersion=2.33.506120 (e3e53437346286c0bc2d2dc9aa4915ba81d9023f), userDataDir=C:\Users\SANDEE~1.VAD\AppData\Local\Temp\scoped_dir7760_10370}, takesHeapSnapshot=true, pageLoadStrategy=normal, databaseEnabled=false, handlesAlerts=true, hasTouchScreen=false, version=62.0.3202.94, platform=XP, browserConnectionEnabled=false, nativeEvents=true, acceptSslCerts=true, locationContextEnabled=true, webStorageEnabled=true, browserName=chrome, takesScreenshot=true, javascriptEnabled=true, cssSelectorsEnabled=true, setWindowRect=true, unexpectedAlertBehaviour=}]
Session ID: ea94703d2d7681c190335d19acf0d7f7
*** Element info: {Using=xpath, value=//*[@id="myModal"]/div/div/div[2]/p}
2017-11-29 07:53:03,692  WARN (main:com.automation.report.CReporter:warningReport:1665) - WARNING **** Unable to get Text from Sucess Message*****
2017-11-29 07:53:03,761 ERROR (main:com.automation.report.CReporter:failureReport:1614) - STEP FAIL **** Thank_your_for_contacting_us__our_team_will_reach_out_to_you_shortly._is_not_present_in_the_locationSucess_Message*****
